
  .   ____          _            __ _ _
 /\\ / ___'_ __ _ _(_)_ __  __ _ \ \ \ \
( ( )\___ | '_ | '_| | '_ \/ _` | \ \ \ \
 \\/  ___)| |_)| | | | | || (_| |  ) ) ) )
  '  |____| .__|_| |_|_| |_\__, | / / / /
 =========|_|==============|___/=/_/_/_/

 :: Spring Boot ::               (v3.5.11)

2026-04-10T15:37:37.957+08:00  INFO 27644 --- [           main] c.e.c.CampusCareBackendApplication       : Starting CampusCareBackendApplication v0.0.1-SNAPSHOT using Java 17.0.12 with PID 27644 (D:\CampusCare\campus-care-backend\target\campus-care-backend-0.0.1-SNAPSHOT.jar started by Administrator in D:\CampusCare\campus-care-backend)
2026-04-10T15:37:37.960+08:00  INFO 27644 --- [           main] c.e.c.CampusCareBackendApplication       : No active profile set, falling back to 1 default profile: "default"
2026-04-10T15:37:39.063+08:00  INFO 27644 --- [           main] .s.d.r.c.RepositoryConfigurationDelegate : Bootstrapping Spring Data JPA repositories in DEFAULT mode.
2026-04-10T15:37:39.146+08:00  INFO 27644 --- [           main] .s.d.r.c.RepositoryConfigurationDelegate : Finished Spring Data repository scanning in 67 ms. Found 6 JPA repository interfaces.
2026-04-10T15:37:39.824+08:00  INFO 27644 --- [           main] o.s.b.w.embedded.tomcat.TomcatWebServer  : Tomcat initialized with port 8081 (http)
2026-04-10T15:37:39.851+08:00  INFO 27644 --- [           main] o.apache.catalina.core.StandardService   : Starting service [Tomcat]
2026-04-10T15:37:39.851+08:00  INFO 27644 --- [           main] o.apache.catalina.core.StandardEngine    : Starting Servlet engine: [Apache Tomcat/10.1.52]
2026-04-10T15:37:39.903+08:00  INFO 27644 --- [           main] o.a.c.c.C.[Tomcat].[localhost].[/]       : Initializing Spring embedded WebApplicationContext
2026-04-10T15:37:39.905+08:00  INFO 27644 --- [           main] w.s.c.ServletWebServerApplicationContext : Root WebApplicationContext: initialization completed in 1900 ms
2026-04-10T15:37:40.122+08:00  INFO 27644 --- [           main] o.hibernate.jpa.internal.util.LogHelper  : HHH000204: Processing PersistenceUnitInfo [name: default]
2026-04-10T15:37:40.185+08:00  INFO 27644 --- [           main] org.hibernate.Version                    : HHH000412: Hibernate ORM core version 6.6.42.Final
2026-04-10T15:37:40.238+08:00  INFO 27644 --- [           main] o.h.c.internal.RegionFactoryInitiator    : HHH000026: Second-level cache disabled
2026-04-10T15:37:40.589+08:00  INFO 27644 --- [           main] o.s.o.j.p.SpringPersistenceUnitInfo      : No LoadTimeWeaver setup: ignoring JPA class transformer
2026-04-10T15:37:40.624+08:00  INFO 27644 --- [           main] com.zaxxer.hikari.HikariDataSource       : HikariPool-1 - Starting...
2026-04-10T15:37:40.847+08:00  INFO 27644 --- [           main] com.zaxxer.hikari.pool.HikariPool        : HikariPool-1 - Added connection com.mysql.cj.jdbc.ConnectionImpl@1d2046bb
2026-04-10T15:37:40.851+08:00  INFO 27644 --- [           main] com.zaxxer.hikari.HikariDataSource       : HikariPool-1 - Start completed.
2026-04-10T15:37:40.877+08:00  WARN 27644 --- [           main] org.hibernate.orm.deprecation            : HHH90000025: MySQL8Dialect does not need to be specified explicitly using 'hibernate.dialect' (remove the property setting and it will be selected by default)
2026-04-10T15:37:40.878+08:00  WARN 27644 --- [           main] org.hibernate.orm.deprecation            : HHH90000026: MySQL8Dialect has been deprecated; use org.hibernate.dialect.MySQLDialect instead
2026-04-10T15:37:40.904+08:00  INFO 27644 --- [           main] org.hibernate.orm.connections.pooling    : HHH10001005: Database info:
	Database JDBC URL [Connecting through datasource 'HikariDataSource (HikariPool-1)']
	Database driver: undefined/unknown
	Database version: 8.0
	Autocommit mode: undefined/unknown
	Isolation level: undefined/unknown
	Minimum pool size: undefined/unknown
	Maximum pool size: undefined/unknown
2026-04-10T15:37:41.769+08:00  INFO 27644 --- [           main] o.h.e.t.j.p.i.JtaPlatformInitiator       : HHH000489: No JTA platform available (set 'hibernate.transaction.jta.platform' to enable JTA platform integration)
2026-04-10T15:37:41.843+08:00  INFO 27644 --- [           main] j.LocalContainerEntityManagerFactoryBean : Initialized JPA EntityManagerFactory for persistence unit 'default'
2026-04-10T15:37:42.460+08:00  WARN 27644 --- [           main] JpaBaseConfiguration$JpaWebConfiguration : spring.jpa.open-in-view is enabled by default. Therefore, database queries may be performed during view rendering. Explicitly configure spring.jpa.open-in-view to disable this warning
2026-04-10T15:37:43.036+08:00  INFO 27644 --- [           main] o.s.b.w.embedded.tomcat.TomcatWebServer  : Tomcat started on port 8081 (http) with context path '/'
2026-04-10T15:37:43.056+08:00  INFO 27644 --- [           main] c.e.c.CampusCareBackendApplication       : Started CampusCareBackendApplication in 5.752 seconds (process running for 6.299)
2026-04-10T15:38:07.494+08:00  INFO 27644 --- [nio-8081-exec-1] o.a.c.c.C.[Tomcat].[localhost].[/]       : Initializing Spring DispatcherServlet 'dispatcherServlet'
2026-04-10T15:38:07.495+08:00  INFO 27644 --- [nio-8081-exec-1] o.s.web.servlet.DispatcherServlet        : Initializing Servlet 'dispatcherServlet'
2026-04-10T15:38:07.496+08:00  INFO 27644 --- [nio-8081-exec-1] o.s.web.servlet.DispatcherServlet        : Completed initialization in 0 ms
